<?xml version="1.0" encoding="UTF-8"?>
<beans xmlns="http://www.springframework.org/schema/beans" xmlns:xsi="http://www.w3.org/2001/XMLSchema-instance"
	xmlns:p="http://www.springframework.org/schema/p"
	xsi:schemaLocation="http://www.springframework.org/schema/beans http://www.springframework.org/schema/beans/spring-beans-3.0.xsd">
  
	<import resource="test-applicationContext-resource.xml" />
	<import resource="test-applicationContext-dataSource.xml" />
	<import resource="test-applicationContext-hibernate.xml" />
	<import resource="test-applicationContext-jbpm.xml" />
	<import resource="test-applicationContext-repository.xml" />	
	<import resource="test-applicationContext-security.xml" />
	<import resource="test-applicationContext-service.xml" />
	<import resource="test-applicationContext-email.xml" />
</beans> 