<?xml version="1.0" encoding="UTF-8"?>
<beans 
	xmlns="http://www.springframework.org/schema/beans" 
	xmlns:xsi="http://www.w3.org/2001/XMLSchema-instance"
	xmlns:context="http://www.springframework.org/schema/context"
	xsi:schemaLocation="
	http://www.springframework.org/schema/beans	http://www.springframework.org/schema/beans/spring-beans-3.0.xsd
	http://www.springframework.org/schema/context http://www.springframework.org/schema/context/spring-context-3.0.xsd"
	default-lazy-init="true">

	<description>Email配置</description>
	
	<context:component-scan base-package="com.cicl.frame.email." ></context:component-scan> 
	
	<!-- 邮件发送器 -->
	<bean id="mailSender" class="org.springframework.mail.javamail.JavaMailSenderImpl">
		<property name="host" value="smtp.163.com" />
		<property name="username" value="rdesjava" />
		<property name="password" value="a11111" />
		<property name="javaMailProperties">
			<props>
				<prop key="mail.smtp.auth">true</prop>
				<!-- 使用gmail smtp server的必须参数 
				<prop key="mail.smtp.starttls.enable">true</prop>-->
			</props>
		</property>
	</bean>

	<!-- 用于生成HTML邮件内容的Freemarker配置 -->
	<bean id="freemarkerConfiguration" class="org.springframework.ui.freemarker.FreeMarkerConfigurationFactoryBean">
		<property name="templateLoaderPath" value="classpath:/ftl" />
	</bean>
</beans>